OBJS =  \
BALLmodule.obj \
pyAtomContainerList.obj \
pyAtomList.obj \
pyBALLSipHelper.obj \
pyBondList.obj \
pyChainList.obj \
pyConstant.obj \
pyColorRGBAVector.obj \
pyCompositeList.obj \
pyFragmentList.obj \
pyIndexList.obj \
pyGeometricObjectList.obj \
pyMoleculeList.obj \
pyNucleicAcidList.obj \
pyNucleotideList.obj \
pyPDBAtomList.obj \
pyProteinList.obj \
pyRepresentationList.obj \
pyResidueList.obj \
extractors.obj \
pySecondaryStructureList.obj \
sipBALLcmodule.obj \
sipBALLDatasetControl.obj \
sipBALLLogView.obj \
sipBALLGeometricControl.obj \
sipBALLMolecularControl.obj \
sipBALLMolecularStructure.obj \
sipBALLScene.obj \
sipBALLPyWidget.obj \
sipBALLDockWidget.obj \
sipBALLVRMLRenderer.obj \
sipBALLPOVRenderer.obj \
sipBALLRenderer.obj \
sipBALLMolecularFileDialog.obj \
sipBALLDisplayProperties.obj \
sipBALLPreferences.obj \
sipBALLTube.obj \
sipBALLTwoColoredTube.obj \
sipBALLTwoColoredLine.obj \
sipBALLSphere.obj \
sipBALLSimpleBox.obj \
sipBALLVIEWPoint.obj \
sipBALLVIEW.obj \
sipBALLMesh.obj \
sipBALLLine.obj \
sipBALLLabel.obj \
sipBALLDisc.obj \
sipBALLBox.obj \
sipBALLLabelModel.obj \
sipBALLForceModel.obj \
sipBALLAddSurfaceModel.obj \
sipBALLHBondModelProcessor.obj \
sipBALLAddCartoonModel.obj \
sipBALLAddBallAndStickModel.obj \
sipBALLAddBackboneModel.obj \
sipBALLAddVanDerWaalsModel.obj \
sipBALLAddLineModel.obj \
sipBALLAtomBondModelBaseProcessor.obj \
sipBALLModelProcessor.obj \
sipBALLResidueTypeColorProcessor.obj \
sipBALLSecondaryStructureColorProcessor.obj \
sipBALLForceColorProcessor.obj \
sipBALLOccupancyColorProcessor.obj \
sipBALLTemperatureFactorColorProcessor.obj \
sipBALLCustomColorProcessor.obj \
sipBALLAtomDistanceColorProcessor.obj \
sipBALLAtomChargeColorProcessor.obj \
sipBALLResidueNameColorProcessor.obj \
sipBALLMoleculeColorProcessor.obj \
sipBALLChainColorProcessor.obj \
sipBALLPositionColorProcessor.obj \
sipBALLResidueNumberColorProcessor.obj \
sipBALLElementColorProcessor.obj \
sipBALLInterpolateColorProcessor.obj \
sipBALLColorProcessor.obj \
sipBALLColorTable.obj \
sipBALLColorExtension2.obj \
sipBALLVertex2.obj \
sipBALLVertex.obj \
sipBALLColorRGBA.obj \
sipBALLColorUnit.obj \
sipBALLNotInHexFormat.obj \
sipBALLServerNotCompositeObject.obj \
sipBALLModularWidget.obj \
sipBALLServer.obj \
sipBALLMolecularInformation.obj \
sipBALLClippingPlane.obj \
sipBALLGeometricObjectList.obj \
sipBALLGeometricObject.obj \
sipBALLRepresentation.obj \
sipBALLClientNoPersistentObject.obj \
sipBALLClientInvalidClient.obj \
sipBALLClient.obj \
sipBALLRepresentationList.obj \
sipBALLPrimitiveManager.obj \
sipBALLCompositeManager.obj \
sipBALLMainControl.obj \
sipBALLStage.obj \
sipBALLCamera.obj \
sipBALLLightSource.obj \
sipBALLRegularData3DMessage.obj \
sipBALLRegularData2DMessage.obj \
sipBALLRegularData1DMessage.obj \
sipBALLRegularDataMessage.obj \
sipBALLDeselectControlsMessage.obj \
sipBALLNewTrajectoryMessage.obj \
sipBALLCreateRepresentationMessage.obj \
sipBALLShowDisplayPropertiesMessage.obj \
sipBALLMolecularTaskMessage.obj \
sipBALLRepresentationMessage.obj \
sipBALLGeometricObjectSelectionMessage.obj \
sipBALLNewSelectionMessage.obj \
sipBALLControlSelectionMessage.obj \
sipBALLGenericSelectionMessage.obj \
sipBALLSceneMessage.obj \
sipBALLCompositeMessage.obj \
sipBALLMessage.obj \
sipBALLTimer.obj \
sipBALLSysInfo.obj \
sipBALLPath.obj \
sipBALLOpenMode.obj \
sipBALLstd__openmode.obj \
sipBALLSurfaceProcessor.obj \
sipBALLSecondaryStructureProcessor.obj \
sipBALLResidueChecker.obj \
sipBALLTransformationProcessor.obj \
sipBALLTranslationProcessor.obj \
sipBALLFragmentDistanceCollector.obj \
sipBALLGeometricCenterProcessor.obj \
sipBALLBoundingBoxProcessor.obj \
sipBALLReconstructFragmentProcessor.obj \
sipBALLBuildBondsProcessor.obj \
sipBALLNormalizeNamesProcessor.obj \
sipBALLFragmentDB.obj \
sipBALLAssignChargeProcessor.obj \
sipBALLAssignRadiusProcessor.obj \
sipBALLClearRadiusProcessor.obj \
sipBALLClearChargeProcessor.obj \
sipBALLFDPBFastAtomStruct.obj \
sipBALLFDPBDefault.obj \
sipBALLFDPBDielectricSmoothing.obj \
sipBALLFDPBChargeDistribution.obj \
sipBALLFDPBBoundary.obj \
sipBALLFDPBOption.obj \
sipBALLFDPB.obj \
sipBALLResidueProcessor.obj \
sipBALLFragmentProcessor.obj \
sipBALLBondProcessor.obj \
sipBALLPyNucleicAcidList.obj \
sipBALLPyNucleotideList.obj \
sipBALLPyProteinList.obj \
sipBALLPyChainList.obj \
sipBALLPySecondaryStructureList.obj \
sipBALLPyResidueList.obj \
sipBALLPyPDBAtomList.obj \
sipBALLPyMoleculeList.obj \
sipBALLPyFragmentList.obj \
sipBALLPyAtomContainerList.obj \
sipBALLPyCompositeList.obj \
sipBALLPyBondList.obj \
sipBALLPyAtomList.obj \
sipBALLPyAtomDict.obj \
sipBALLPyIndexList.obj \
sipBALLEnergyMinimizer.obj \
sipBALLConjugateGradientMinimizer.obj \
sipBALLMicroCanonicalMD.obj \
sipBALLMolecularDynamics.obj \
sipBALLCanonicalMD.obj \
sipBALLTypeRuleProcessor.obj \
sipBALLSnapShotManagerDefault.obj \
sipBALLSnapShotManagerOption.obj \
sipBALLSnapShotManager.obj \
sipBALLSnapShot.obj \
sipBALLAtomProcessor.obj \
sipBALLRuleEvaluator.obj \
sipBALLRadiusRuleProcessor.obj \
sipBALLPeriodicBoundary.obj \
sipBALLGradient.obj \
sipBALLRuleProcessor.obj \
sipBALLChargeRuleProcessor.obj \
sipBALLAtomVector.obj \
sipBALLCharmmTorsion.obj \
sipBALLCharmmStretch.obj \
sipBALLCharmmNonBonded.obj \
sipBALLCharmmImproperTorsion.obj \
sipBALLCharmmBend.obj \
sipBALLCharmmFF.obj \
sipBALLAmberTorsion.obj \
sipBALLAmberStretch.obj \
sipBALLAmberNonBonded.obj \
sipBALLForceFieldComponent.obj \
sipBALLAmberBend.obj \
sipBALLForceField.obj \
sipBALLAmberFF.obj \
sipBALLVector4.obj \
sipBALLVector3.obj \
sipBALLVector2.obj \
sipBALLSurfaceTriangle.obj \
sipBALLSurface.obj \
sipBALLSphere3.obj \
sipBALLQuaternion.obj \
sipBALLPlane3.obj \
sipBALLMatrix4x4.obj \
sipBALLLine3.obj \
sipBALLCircle3.obj \
sipBALLSimpleBox3.obj \
sipBALLBox3.obj \
sipBALLAngle.obj \
sipBALLSystem.obj \
sipBALLCompositeProcessor.obj \
sipBALLSelector.obj \
sipBALLSecondaryStructure.obj \
sipBALLResidue.obj \
sipBALLProtein.obj \
sipBALLNucleotide.obj \
sipBALLNucleicAcid.obj \
sipBALLMolecule.obj \
sipBALLFragment.obj \
sipBALLExpression.obj \
sipBALLExpressionPredicate.obj \
sipBALLChain.obj \
sipBALLBond.obj \
sipBALLPTE_.obj \
sipBALLElement.obj \
sipBALLPDBAtom.obj \
sipBALLAtomContainer.obj \
sipBALLAtomType.obj \
sipBALLAtom.obj \
sipBALLResourceFile.obj \
sipBALLResourceEntry.obj \
sipBALLParameters.obj \
sipBALLParameterSection.obj \
sipBALLLineBasedFile.obj \
sipBALLXYZFile.obj \
sipBALLTRRFileTRRHeader.obj \
sipBALLTRRFile.obj \
sipBALLSDFile.obj \
sipBALLPDB.obj \
sipBALLPDBRecords.obj \
sipBALLPDBInfo.obj \
sipBALLPDBFile.obj \
sipBALLMOLFile.obj \
sipBALLFile.obj \
sipBALLMOL2File.obj \
sipBALLKCFFile.obj \
sipBALLINIFile.obj \
sipBALLFileCannotWrite.obj \
sipBALLGenericMolFile.obj \
sipBALLHINFile.obj \
sipBALLTrajectoryFile.obj \
sipBALLDCDFile.obj \
sipBALLString.obj \
sipBALLSubstring.obj \
sipBALLRegularExpression.obj \
sipBALLRegularData3DIndexType.obj \
sipBALLRegularData3D.obj \
sipBALLRegularData2DIndexType.obj \
sipBALLRegularData2D.obj \
sipBALLRegularData1D.obj \
sipBALLOptions.obj \
sipBALLIllegalKey.obj \
sipBALLBitVector.obj \
sipBALLBit.obj \
sipBALLTimeStamp.obj \
sipBALLPreciseTime.obj \
sipBALLPropertyManager.obj \
sipBALLNamedProperty.obj \
sipBALLProcessor.obj \
sipBALLUnaryAtomPredicate.obj \
sipBALLUnaryCompositePredicate.obj \
sipBALLEmbeddable.obj \
sipBALLSelectable.obj \
sipBALLObject.obj \
sipBALLPersistentObject.obj \
sipBALLComposite.obj \
sipBALLVersionInfo.obj \
sipBALLTime.obj \
sipBALLLongIndex.obj \
sipBALLPosition.obj \
sipBALLIndex.obj \
sipBALLGlobalExceptionHandler.obj \
sipBALLTooManyBonds.obj \
sipBALLParseError.obj \
sipBALLFileNotFound.obj \
sipBALLDivisionByZero.obj \
sipBALLBufferOverflow.obj \
sipBALLOutOfGrid.obj \
sipBALLOutOfMemory.obj \
sipBALLTooManyErrors.obj \
sipBALLNotImplemented.obj \
sipBALLIncompatibleIterators.obj \
sipBALLInvalidIterator.obj \
sipBALLNullPointer.obj \
sipBALLIllegalSelfOperation.obj \
sipBALLInvalidFormat.obj \
sipBALLInvalidRange.obj \
sipBALLIndexOverflow.obj \
sipBALLSizeUnderflow.obj \
sipBALLIndexUnderflow.obj \
sipBALLGeneralException.obj \
sipBALLConstant.obj
