
OBJS = \
libVIEW.obj\
..\..\..\source\VIEW\DATATYPE\colorExtension2.obj\
..\..\..\source\VIEW\DATATYPE\colorHSV.obj\
..\..\..\source\VIEW\DATATYPE\colorRGBA.obj\
..\..\..\source\VIEW\DATATYPE\colorMap.obj\
..\..\..\source\VIEW\DATATYPE\colorUnit.obj\
..\..\..\source\VIEW\DATATYPE\colorUnitHue.obj\
..\..\..\source\VIEW\DATATYPE\vertex1.obj\
..\..\..\source\VIEW\DATATYPE\vertex2.obj\
..\..\..\source\VIEW\DIALOGS\amberConfigurationDialog.obj\
..\..\..\source\VIEW\DIALOGS\amberConfigurationDialogData.obj\
..\..\..\source\VIEW\DIALOGS\bondProperties.obj\
..\..\..\source\VIEW\DIALOGS\bondPropertiesData.obj\
..\..\..\source\VIEW\DIALOGS\charmmConfigurationDialog.obj\
..\..\..\source\VIEW\DIALOGS\charmmConfigurationDialogData.obj\
..\..\..\source\VIEW\DIALOGS\clippingDialog.obj\
..\..\..\source\VIEW\DIALOGS\clippingDialogData.obj\
#..\..\..\source\VIEW\DIALOGS\colorChooser.obj\
..\..\..\source\VIEW\DIALOGS\coloringSettingsDialog.obj\
..\..\..\source\VIEW\DIALOGS\coloringSettingsDialogData.obj\
..\..\..\source\VIEW\DIALOGS\compositeProperties.obj\
..\..\..\source\VIEW\DIALOGS\compositePropertiesData.obj\
..\..\..\source\VIEW\DIALOGS\contourSurfaceDialog.obj\
..\..\..\source\VIEW\DIALOGS\contourSurfaceDialogData.obj\
..\..\..\source\VIEW\DIALOGS\displayProperties.obj\
..\..\..\source\VIEW\DIALOGS\displayPropertiesData.obj\
..\..\..\source\VIEW\DIALOGS\downloadPDBFile.obj\
..\..\..\source\VIEW\DIALOGS\downloadPDBFileData.obj\
#..\..\..\source\VIEW\DIALOGS\editOperationDialog.obj\
#..\..\..\source\VIEW\DIALOGS\editOperationDialogData.obj\
..\..\..\source\VIEW\DIALOGS\FDPBDialog.obj\
..\..\..\source\VIEW\DIALOGS\FDPBDialogData.obj\
..\..\..\source\VIEW\DIALOGS\labelDialog.obj\
..\..\..\source\VIEW\DIALOGS\labelDialogData.obj\
..\..\..\source\VIEW\DIALOGS\lightSettings.obj\
..\..\..\source\VIEW\DIALOGS\lightSettingsData.obj\
..\..\..\source\VIEW\DIALOGS\mainControlPreferences.obj\
..\..\..\source\VIEW\DIALOGS\mainControlPreferencesData.obj\
..\..\..\source\VIEW\DIALOGS\materialSettings.obj\
..\..\..\source\VIEW\DIALOGS\materialSettingsData.obj\
..\..\..\source\VIEW\DIALOGS\minimizationDialog.obj\
..\..\..\source\VIEW\DIALOGS\minimizationDialogData.obj\
..\..\..\source\VIEW\DIALOGS\modelSettingsDialog.obj\
..\..\..\source\VIEW\DIALOGS\modelSettingsDialogData.obj\
..\..\..\source\VIEW\DIALOGS\modifySurfaceDialog.obj\
..\..\..\source\VIEW\DIALOGS\modifySurfaceDialogData.obj\
..\..\..\source\VIEW\DIALOGS\molecularDynamicsDialog.obj\
..\..\..\source\VIEW\DIALOGS\molecularDynamicsDialogData.obj\
..\..\..\source\VIEW\DIALOGS\molecularFileDialog.obj\
..\..\..\source\VIEW\DIALOGS\networkPreferences.obj\
..\..\..\source\VIEW\DIALOGS\networkPreferencesData.obj\
..\..\..\source\VIEW\DIALOGS\openBruker1DFile.obj\
..\..\..\source\VIEW\DIALOGS\openBruker2DFile.obj\
..\..\..\source\VIEW\DIALOGS\parsedFunctionDialog.obj\
..\..\..\source\VIEW\DIALOGS\parsedFunctionDialogData.obj\
..\..\..\source\VIEW\DIALOGS\peptideDialog.obj\
..\..\..\source\VIEW\DIALOGS\peptideDialogData.obj\
..\..\..\source\VIEW\DIALOGS\preferences.obj\
..\..\..\source\VIEW\DIALOGS\preferencesData.obj\
#..\..\..\source\VIEW\DIALOGS\PTEDialog.obj\
#..\..\..\source\VIEW\DIALOGS\PTEDialogData.obj\
..\..\..\source\VIEW\DIALOGS\pythonSettings.obj\
..\..\..\source\VIEW\DIALOGS\pythonSettingsData.obj\
..\..\..\source\VIEW\DIALOGS\serverPreferences.obj\
..\..\..\source\VIEW\DIALOGS\setCamera.obj\
..\..\..\source\VIEW\DIALOGS\setCameraData.obj\
..\..\..\source\VIEW\DIALOGS\snapShotVisualisation.obj\
..\..\..\source\VIEW\DIALOGS\snapShotVisualisationData.obj\
..\..\..\source\VIEW\DIALOGS\stageSettings.obj\
..\..\..\source\VIEW\DIALOGS\stageSettingsData.obj\
..\..\..\source\VIEW\KERNEL\client.obj\
..\..\..\source\VIEW\KERNEL\clippingPlane.obj\
..\..\..\source\VIEW\KERNEL\common.obj\
..\..\..\source\VIEW\KERNEL\compositeManager.obj\
..\..\..\source\VIEW\KERNEL\connectionObject.obj\
..\..\..\source\VIEW\KERNEL\geometricObject.obj\
..\..\..\source\VIEW\KERNEL\mainControl.obj\
..\..\..\source\VIEW\KERNEL\message.obj\
..\..\..\source\VIEW\KERNEL\modularWidget.obj\
..\..\..\source\VIEW\KERNEL\molecularInformation.obj\
..\..\..\source\VIEW\KERNEL\moleculeObjectCreator.obj\
..\..\..\source\VIEW\KERNEL\objectCreator.obj\
..\..\..\source\VIEW\KERNEL\preferencesEntry.obj\
..\..\..\source\VIEW\KERNEL\primitiveManager.obj\
..\..\..\source\VIEW\KERNEL\QTTimer.obj\
..\..\..\source\VIEW\KERNEL\representation.obj\
..\..\..\source\VIEW\KERNEL\server.obj\
..\..\..\source\VIEW\KERNEL\stage.obj\
..\..\..\source\VIEW\KERNEL\threads.obj\
..\..\..\source\VIEW\MODELS\atomBondModelBaseProcessor.obj\
..\..\..\source\VIEW\MODELS\backboneModel.obj\
..\..\..\source\VIEW\MODELS\ballAndStickModel.obj\
..\..\..\source\VIEW\MODELS\cartoonModel.obj\
..\..\..\source\VIEW\MODELS\colorProcessor.obj\
..\..\..\source\VIEW\MODELS\forceModel.obj\
..\..\..\source\VIEW\MODELS\HBondModel.obj\
..\..\..\source\VIEW\MODELS\labelModel.obj\
..\..\..\source\VIEW\MODELS\lineModel.obj\
..\..\..\source\VIEW\MODELS\modelProcessor.obj\
..\..\..\source\VIEW\MODELS\standardColorProcessor.obj\
..\..\..\source\VIEW\MODELS\surfaceModel.obj\
..\..\..\source\VIEW\MODELS\vanDerWaalsModel.obj\
..\..\..\source\VIEW\PRIMITIVES\box.obj\
..\..\..\source\VIEW\PRIMITIVES\disc.obj\
..\..\..\source\VIEW\PRIMITIVES\label.obj\
..\..\..\source\VIEW\PRIMITIVES\line.obj\
..\..\..\source\VIEW\PRIMITIVES\mesh.obj\
..\..\..\source\VIEW\PRIMITIVES\point.obj\
..\..\..\source\VIEW\PRIMITIVES\simpleBox.obj\
..\..\..\source\VIEW\PRIMITIVES\sphere.obj\
..\..\..\source\VIEW\PRIMITIVES\tube.obj\
..\..\..\source\VIEW\PRIMITIVES\twoColoredLine.obj\
..\..\..\source\VIEW\PRIMITIVES\twoColoredTube.obj\
..\..\..\source\VIEW\RENDERING\glDisplayList.obj\
..\..\..\source\VIEW\RENDERING\glRenderer.obj\
..\..\..\source\VIEW\RENDERING\POVRenderer.obj\
..\..\..\source\VIEW\RENDERING\renderer.obj\
..\..\..\source\VIEW\RENDERING\vertexBuffer.obj\
..\..\..\source\VIEW\RENDERING\VRMLRenderer.obj\
..\..\..\source\VIEW\WIDGETS\canvasWidget.obj\
..\..\..\source\VIEW\WIDGETS\datasetControl.obj\
..\..\..\source\VIEW\WIDGETS\dockWidget.obj\
#..\..\..\source\VIEW\WIDGETS\editableScene.obj\
#..\..\..\source\VIEW\WIDGETS\editFunctions.obj\
..\..\..\source\VIEW\WIDGETS\genericControl.obj\
..\..\..\source\VIEW\WIDGETS\geometricControl.obj\
..\..\..\source\VIEW\WIDGETS\helpViewer.obj\
..\..\..\source\VIEW\WIDGETS\logView.obj\
..\..\..\source\VIEW\WIDGETS\molecularControl.obj\
..\..\..\source\VIEW\WIDGETS\molecularStructure.obj\
..\..\..\source\VIEW\WIDGETS\pyWidget.obj\
..\..\..\source\VIEW\WIDGETS\regularData1DWidget.obj\
..\..\..\source\VIEW\WIDGETS\regularData2DWidget.obj\
..\..\..\source\VIEW\WIDGETS\scene.obj\
mocfiles\amberConfigurationDialogData_moc.obj\
mocfiles\amberConfigurationDialog_moc.obj\
mocfiles\bondPropertiesData_moc.obj\
mocfiles\bondProperties_moc.obj\
mocfiles\charmmConfigurationDialogData_moc.obj\
mocfiles\charmmConfigurationDialog_moc.obj\
mocfiles\clippingDialogData_moc.obj\
mocfiles\clippingDialog_moc.obj\
mocfiles\coloringSettingsDialogData_moc.obj\
mocfiles\coloringSettingsDialog_moc.obj\
mocfiles\compositePropertiesData_moc.obj\
mocfiles\compositeProperties_moc.obj\
mocfiles\contourSurfaceDialogData_moc.obj\
mocfiles\contourSurfaceDialog_moc.obj\
mocfiles\displayPropertiesData_moc.obj\
mocfiles\displayProperties_moc.obj\
mocfiles\downloadPDBFileData_moc.obj\
mocfiles\downloadPDBFile_moc.obj\
#mocfiles\editOperationDialogData_moc.obj\
#mocfiles\editOperationDialog_moc.obj\
mocfiles\FDPBDialogData_moc.obj\
mocfiles\FDPBDialog_moc.obj\
mocfiles\labelDialogData_moc.obj\
mocfiles\labelDialog_moc.obj\
mocfiles\lightSettingsData_moc.obj\
mocfiles\lightSettings_moc.obj\
mocfiles\mainControlPreferencesData_moc.obj\
mocfiles\mainControlPreferences_moc.obj\
mocfiles\materialSettingsData_moc.obj\
mocfiles\materialSettings_moc.obj\
mocfiles\minimizationDialogData_moc.obj\
mocfiles\minimizationDialog_moc.obj\
mocfiles\modelSettingsDialogData_moc.obj\
mocfiles\modelSettingsDialog_moc.obj\
mocfiles\modifySurfaceDialogData_moc.obj\
mocfiles\modifySurfaceDialog_moc.obj\
mocfiles\molecularDynamicsDialogData_moc.obj\
mocfiles\molecularDynamicsDialog_moc.obj\
mocfiles\molecularFileDialog_moc.obj\
mocfiles\networkPreferencesData_moc.obj\
mocfiles\networkPreferences_moc.obj\
mocfiles\parsedFunctionDialogData_moc.obj\
mocfiles\parsedFunctionDialog_moc.obj\
mocfiles\peptideDialogData_moc.obj\
mocfiles\peptideDialog_moc.obj\
mocfiles\preferencesData_moc.obj\
mocfiles\preferences_moc.obj\
#mocfiles\PTEDialogData_moc.obj\
#mocfiles\PTEDialog_moc.obj\
mocfiles\pythonSettingsData_moc.obj\
mocfiles\pythonSettings_moc.obj\
mocfiles\serverPreferences_moc.obj\
mocfiles\setCameraData_moc.obj\
mocfiles\setCamera_moc.obj\
mocfiles\snapShotVisualisationData_moc.obj\
mocfiles\snapShotVisualisation_moc.obj\
mocfiles\stageSettingsData_moc.obj\
mocfiles\stageSettings_moc.obj\
mocfiles\mainControl_moc.obj\
mocfiles\canvasWidget_moc.obj\
mocfiles\datasetControl_moc.obj\
mocfiles\dockWidget_moc.obj\
mocfiles\genericControl_moc.obj\
mocfiles\geometricControl_moc.obj\
mocfiles\helpViewer_moc.obj\
mocfiles\logView_moc.obj\
mocfiles\molecularControl_moc.obj\
mocfiles\molecularStructure_moc.obj\
mocfiles\pyWidget_moc.obj\
mocfiles\regularData1DWidget_moc.obj\
mocfiles\regularData2DWidget_moc.obj\
mocfiles\scene_moc.obj\
mocfiles\openBruker1DFile_moc.obj\
mocfiles\openBruker2DFile_moc.obj

UICS = \
..\..\..\source\VIEW\DIALOGS\amberConfigurationDialog.myui\
..\..\..\source\VIEW\DIALOGS\bondProperties.myui\
..\..\..\source\VIEW\DIALOGS\charmmConfigurationDialog.myui\
..\..\..\source\VIEW\DIALOGS\clippingDialog.myui\
..\..\..\source\VIEW\DIALOGS\coloringSettingsDialog.myui\
..\..\..\source\VIEW\DIALOGS\compositeProperties.myui\
..\..\..\source\VIEW\DIALOGS\contourSurfaceDialog.myui\
..\..\..\source\VIEW\DIALOGS\displayProperties.myui\
..\..\..\source\VIEW\DIALOGS\downloadPDBFile.myui\
#..\..\..\source\VIEW\DIALOGS\editOperationDialog.myui\
..\..\..\source\VIEW\DIALOGS\FDPBDialog.myui\
..\..\..\source\VIEW\DIALOGS\labelDialog.myui\
..\..\..\source\VIEW\DIALOGS\lightSettings.myui\
..\..\..\source\VIEW\DIALOGS\mainControlPreferences.myui\
..\..\..\source\VIEW\DIALOGS\materialSettings.myui\
..\..\..\source\VIEW\DIALOGS\minimizationDialog.myui\
..\..\..\source\VIEW\DIALOGS\modelSettingsDialog.myui\
..\..\..\source\VIEW\DIALOGS\modifySurfaceDialog.myui\
..\..\..\source\VIEW\DIALOGS\molecularDynamicsDialog.myui\
..\..\..\source\VIEW\DIALOGS\networkPreferences.myui\
..\..\..\source\VIEW\DIALOGS\parsedFunctionDialog.myui\
..\..\..\source\VIEW\DIALOGS\peptideDialog.myui\
..\..\..\source\VIEW\DIALOGS\preferences.myui\
#..\..\..\source\VIEW\DIALOGS\PTEDialog.myui\
..\..\..\source\VIEW\DIALOGS\pythonSettings.myui\
..\..\..\source\VIEW\DIALOGS\setCamera.myui\
..\..\..\source\VIEW\DIALOGS\snapShotVisualisation.myui\
..\..\..\source\VIEW\DIALOGS\stageSettings.myui

MOCS = \
..\..\..\include\BALL\VIEW\WIDGETS\canvasWidget.mymoc\
..\..\..\include\BALL\VIEW\WIDGETS\datasetControl.mymoc\
..\..\..\include\BALL\VIEW\WIDGETS\dockWidget.mymoc\
..\..\..\include\BALL\VIEW\WIDGETS\editableScene.mymoc\
#..\..\..\include\BALL\VIEW\WIDGETS\editFunctions.mymoc\
..\..\..\include\BALL\VIEW\WIDGETS\genericControl.mymoc\
..\..\..\include\BALL\VIEW\WIDGETS\geometricControl.mymoc\
..\..\..\include\BALL\VIEW\WIDGETS\helpViewer.mymoc\
..\..\..\include\BALL\VIEW\WIDGETS\logView.mymoc\
..\..\..\include\BALL\VIEW\WIDGETS\molecularControl.mymoc\
..\..\..\include\BALL\VIEW\WIDGETS\molecularStructure.mymoc\
..\..\..\include\BALL\VIEW\WIDGETS\pyWidget.mymoc\
..\..\..\include\BALL\VIEW\WIDGETS\regularData1DWidget.mymoc\
..\..\..\include\BALL\VIEW\WIDGETS\regularData2DWidget.mymoc\
..\..\..\include\BALL\VIEW\WIDGETS\scene.mymoc\
..\..\..\include\BALL\VIEW\KERNEL\mainControl.mymoc\
..\..\..\include\BALL\VIEW\DIALOGS\molecularFileDialog.mymoc\
..\..\..\include\BALL\VIEW\DIALOGS\serverPreferences.mymoc\
..\..\..\include\BALL\VIEW\DIALOGS\openBruker1DFile.mymoc\
..\..\..\include\BALL\VIEW\DIALOGS\openBruker2DFile.mymoc
